d:\project\3 семестр\towerdefence\towerdefence\towerdefence\x64\debug\towerdefence.pch
d:\project\3 семестр\towerdefence\towerdefence\towerdefence\x64\debug\towerdefence.pdb
d:\project\3 семестр\towerdefence\towerdefence\towerdefence\x64\debug\towerdefence.idb
d:\project\3 семестр\towerdefence\towerdefence\towerdefence\x64\debug\stdafx.obj
d:\project\3 семестр\towerdefence\towerdefence\towerdefence\x64\debug\castle.obj
d:\project\3 семестр\towerdefence\towerdefence\towerdefence\x64\debug\effect.obj
d:\project\3 семестр\towerdefence\towerdefence\towerdefence\x64\debug\enemy.obj
d:\project\3 семестр\towerdefence\towerdefence\towerdefence\x64\debug\landspace.obj
d:\project\3 семестр\towerdefence\towerdefence\towerdefence\x64\debug\structure.obj
d:\project\github\towerdefence\towerdefence\x64\debug\towerdefence.pch
d:\project\github\towerdefence\towerdefence\x64\debug\towerdefence.pdb
d:\project\github\towerdefence\towerdefence\x64\debug\towerdefence.idb
d:\project\github\towerdefence\towerdefence\x64\debug\stdafx.obj
d:\project\github\towerdefence\towerdefence\x64\debug\castle.obj
d:\project\github\towerdefence\towerdefence\x64\debug\effect.obj
d:\project\github\towerdefence\towerdefence\x64\debug\enemy.obj
d:\project\github\towerdefence\towerdefence\x64\debug\structure.obj
d:\project\github\towerdefence\towerdefence\x64\debug\landspace.obj
d:\project\github\towerdefence\towerdefence\x64\debug\cel.obj
d:\project\3 семестр\towerdefence\towerdefence\x64\debug\towerdefence.lib
d:\project\github\towerdefence\x64\debug\towerdefence.lib
d:\project\github\towerdefence\towerdefence\x64\debug\enemy.obj.enc
d:\project\github\towerdefence\x64\debug\towerdefence.pdb
d:\project\github\towerdefence\towerdefence\x64\debug\towerdefence.tlog\cl.command.1.tlog
d:\project\github\towerdefence\towerdefence\x64\debug\towerdefence.tlog\cl.read.1.tlog
d:\project\github\towerdefence\towerdefence\x64\debug\towerdefence.tlog\cl.write.1.tlog
d:\project\github\towerdefence\towerdefence\x64\debug\towerdefence.tlog\lib-link.read.1.tlog
d:\project\github\towerdefence\towerdefence\x64\debug\towerdefence.tlog\lib-link.write.1.tlog
d:\project\github\towerdefence\towerdefence\x64\debug\towerdefence.tlog\lib.command.1.tlog
